[2025-03-09 11:47:20] [36m[info][0m init_db.go:31 Blog-Server/core.InitDB æ•°æ®åº“è¿æ¥æˆåŠŸ!
[2025-03-09 11:47:20] [36m[info][0m init_redis.go:21 Blog-Server/core.InitRedis redisè¿æ¥æˆåŠŸ
[2025-03-09 11:47:20] [36m[info][0m init_es.go:24 Blog-Server/core.EsConnect esè¿æ¥æˆåŠŸ
[2025-03-09 11:54:46] [36m[info][0m init_db.go:31 Blog-Server/core.InitDB æ•°æ®åº“è¿æ¥æˆåŠŸ!
[2025-03-09 11:54:46] [36m[info][0m init_redis.go:21 Blog-Server/core.InitRedis redisè¿æ¥æˆåŠŸ
[2025-03-09 11:54:46] [36m[info][0m init_es.go:24 Blog-Server/core.EsConnect esè¿æ¥æˆåŠŸ
[2025-03-09 11:58:17] [36m[info][0m init_db.go:31 Blog-Server/core.InitDB æ•°æ®åº“è¿æ¥æˆåŠŸ!
[2025-03-09 11:58:17] [36m[info][0m init_redis.go:21 Blog-Server/core.InitRedis redisè¿æ¥æˆåŠŸ
[2025-03-09 11:58:17] [36m[info][0m init_es.go:24 Blog-Server/core.EsConnect esè¿æ¥æˆåŠŸ
[2025-03-09 11:58:17] [36m[info][0m index.go:41 Blog-Server/service/es_service.DeleteIndex article_index ç´¢å¼•åˆ é™¤æˆåŠŸ
[2025-03-09 11:58:18] [36m[info][0m index.go:25 Blog-Server/service/es_service.CreateIndex article_index ç´¢å¼•åˆ›å»ºæˆåŠŸ
[2025-03-09 11:58:31] [36m[info][0m init_db.go:31 Blog-Server/core.InitDB æ•°æ®åº“è¿æ¥æˆåŠŸ!
[2025-03-09 11:58:31] [36m[info][0m init_redis.go:21 Blog-Server/core.InitRedis redisè¿æ¥æˆåŠŸ
[2025-03-09 11:58:31] [36m[info][0m init_es.go:24 Blog-Server/core.EsConnect esè¿æ¥æˆåŠŸ
[2025-03-09 12:00:24] [36m[info][0m init_db.go:31 Blog-Server/core.InitDB æ•°æ®åº“è¿æ¥æˆåŠŸ!
[2025-03-09 12:00:24] [36m[info][0m init_redis.go:21 Blog-Server/core.InitRedis redisè¿æ¥æˆåŠŸ
[2025-03-09 12:00:24] [36m[info][0m init_es.go:24 Blog-Server/core.EsConnect esè¿æ¥æˆåŠŸ
[2025-03-09 12:00:24] [36m[info][0m index.go:41 Blog-Server/service/es_service.DeleteIndex article_index ç´¢å¼•åˆ é™¤æˆåŠŸ
[2025-03-09 12:00:24] [36m[info][0m index.go:25 Blog-Server/service/es_service.CreateIndex article_index ç´¢å¼•åˆ›å»ºæˆåŠŸ
[2025-03-09 12:01:59] [36m[info][0m init_db.go:31 Blog-Server/core.InitDB æ•°æ®åº“è¿æ¥æˆåŠŸ!
[2025-03-09 12:01:59] [36m[info][0m init_redis.go:21 Blog-Server/core.InitRedis redisè¿æ¥æˆåŠŸ
[2025-03-09 12:01:59] [36m[info][0m init_es.go:24 Blog-Server/core.EsConnect esè¿æ¥æˆåŠŸ
[2025-03-09 12:09:03] [36m[info][0m init_db.go:31 Blog-Server/core.InitDB æ•°æ®åº“è¿æ¥æˆåŠŸ!
[2025-03-09 12:09:03] [36m[info][0m init_redis.go:21 Blog-Server/core.InitRedis redisè¿æ¥æˆåŠŸ
[2025-03-09 12:09:03] [36m[info][0m init_es.go:24 Blog-Server/core.EsConnect esè¿æ¥æˆåŠŸ
[2025-03-09 12:10:12] [36m[info][0m init_db.go:31 Blog-Server/core.InitDB æ•°æ®åº“è¿æ¥æˆåŠŸ!
[2025-03-09 12:10:12] [36m[info][0m init_redis.go:21 Blog-Server/core.InitRedis redisè¿æ¥æˆåŠŸ
[2025-03-09 12:10:12] [36m[info][0m init_es.go:24 Blog-Server/core.EsConnect esè¿æ¥æˆåŠŸ
[2025-03-09 12:23:36] [36m[info][0m init_db.go:31 Blog-Server/core.InitDB æ•°æ®åº“è¿æ¥æˆåŠŸ!
[2025-03-09 12:23:36] [36m[info][0m init_redis.go:21 Blog-Server/core.InitRedis redisè¿æ¥æˆåŠŸ
[2025-03-09 12:23:36] [36m[info][0m init_es.go:24 Blog-Server/core.EsConnect esè¿æ¥æˆåŠŸ
[2025-03-09 12:23:36] [36m[info][0m flag_db.go:39 Blog-Server/flags.FlagDB æ•°æ®åº“è¿ç§»æˆåŠŸï¼
[2025-03-09 12:24:00] [36m[info][0m init_db.go:31 Blog-Server/core.InitDB æ•°æ®åº“è¿æ¥æˆåŠŸ!
[2025-03-09 12:24:00] [36m[info][0m init_redis.go:21 Blog-Server/core.InitRedis redisè¿æ¥æˆåŠŸ
[2025-03-09 12:24:00] [36m[info][0m init_es.go:24 Blog-Server/core.EsConnect esè¿æ¥æˆåŠŸ
[2025-03-09 12:38:15] [36m[info][0m init_db.go:31 Blog-Server/core.InitDB æ•°æ®åº“è¿æ¥æˆåŠŸ!
[2025-03-09 12:38:15] [36m[info][0m init_redis.go:21 Blog-Server/core.InitRedis redisè¿æ¥æˆåŠŸ
[2025-03-09 12:38:15] [36m[info][0m init_es.go:24 Blog-Server/core.EsConnect esè¿æ¥æˆåŠŸ
[2025-03-09 12:45:17] [36m[info][0m init_db.go:31 Blog-Server/core.InitDB æ•°æ®åº“è¿æ¥æˆåŠŸ!
[2025-03-09 12:45:17] [36m[info][0m init_redis.go:21 Blog-Server/core.InitRedis redisè¿æ¥æˆåŠŸ
[2025-03-09 12:45:17] [36m[info][0m init_es.go:24 Blog-Server/core.EsConnect esè¿æ¥æˆåŠŸ
[2025-03-09 12:45:17] [36m[info][0m index.go:41 Blog-Server/service/es_service.DeleteIndex article_index ç´¢å¼•åˆ é™¤æˆåŠŸ
[2025-03-09 12:45:17] [36m[info][0m index.go:25 Blog-Server/service/es_service.CreateIndex article_index ç´¢å¼•åˆ›å»ºæˆåŠŸ
[2025-03-09 12:45:46] [36m[info][0m init_db.go:31 Blog-Server/core.InitDB æ•°æ®åº“è¿æ¥æˆåŠŸ!
[2025-03-09 12:45:46] [36m[info][0m init_redis.go:21 Blog-Server/core.InitRedis redisè¿æ¥æˆåŠŸ
[2025-03-09 12:45:46] [36m[info][0m init_es.go:24 Blog-Server/core.EsConnect esè¿æ¥æˆåŠŸ
[2025-03-09 12:45:46] [36m[info][0m index.go:41 Blog-Server/service/es_service.DeleteIndex article_index ç´¢å¼•åˆ é™¤æˆåŠŸ
[2025-03-09 12:45:47] [36m[info][0m index.go:25 Blog-Server/service/es_service.CreateIndex article_index ç´¢å¼•åˆ›å»ºæˆåŠŸ
[2025-03-09 12:46:04] [36m[info][0m init_db.go:31 Blog-Server/core.InitDB æ•°æ®åº“è¿æ¥æˆåŠŸ!
[2025-03-09 12:46:04] [36m[info][0m init_redis.go:21 Blog-Server/core.InitRedis redisè¿æ¥æˆåŠŸ
[2025-03-09 12:46:04] [36m[info][0m init_es.go:24 Blog-Server/core.EsConnect esè¿æ¥æˆåŠŸ
[2025-03-09 12:50:24] [36m[info][0m init_es.go:24 Blog-Server/core.EsConnect esè¿æ¥æˆåŠŸ
[2025-03-09 12:54:15] [36m[info][0m init_db.go:31 Blog-Server/core.InitDB æ•°æ®åº“è¿æ¥æˆåŠŸ!
[2025-03-09 12:54:15] [36m[info][0m init_redis.go:21 Blog-Server/core.InitRedis redisè¿æ¥æˆåŠŸ
[2025-03-09 12:54:15] [36m[info][0m init_es.go:24 Blog-Server/core.EsConnect esè¿æ¥æˆåŠŸ
[2025-03-09 12:59:54] [36m[info][0m init_es.go:24 Blog-Server/core.EsConnect esè¿æ¥æˆåŠŸ
[2025-03-09 13:49:35] [36m[info][0m init_db.go:31 Blog-Server/core.InitDB æ•°æ®åº“è¿æ¥æˆåŠŸ!
[2025-03-09 13:49:35] [36m[info][0m init_redis.go:21 Blog-Server/core.InitRedis redisè¿æ¥æˆåŠŸ
[2025-03-09 13:49:35] [36m[info][0m init_es.go:24 Blog-Server/core.EsConnect esè¿æ¥æˆåŠŸ
[2025-03-09 14:00:05] [36m[info][0m init_db.go:31 Blog-Server/core.InitDB æ•°æ®åº“è¿æ¥æˆåŠŸ!
[2025-03-09 14:00:05] [36m[info][0m init_redis.go:21 Blog-Server/core.InitRedis redisè¿æ¥æˆåŠŸ
[2025-03-09 14:00:05] [36m[info][0m init_es.go:24 Blog-Server/core.EsConnect esè¿æ¥æˆåŠŸ
[2025-03-09 14:27:09] [36m[info][0m init_db.go:31 Blog-Server/core.InitDB æ•°æ®åº“è¿æ¥æˆåŠŸ!
[2025-03-09 14:27:09] [36m[info][0m init_redis.go:21 Blog-Server/core.InitRedis redisè¿æ¥æˆåŠŸ
[2025-03-09 14:27:09] [36m[info][0m init_es.go:24 Blog-Server/core.EsConnect esè¿æ¥æˆåŠŸ
[2025-03-09 14:27:09] [36m[info][0m index.go:41 Blog-Server/service/es_service.DeleteIndex article_index ç´¢å¼•åˆ é™¤æˆåŠŸ
[2025-03-09 14:27:09] [36m[info][0m index.go:25 Blog-Server/service/es_service.CreateIndex article_index ç´¢å¼•åˆ›å»ºæˆåŠŸ
[2025-03-09 14:29:43] [36m[info][0m init_db.go:31 Blog-Server/core.InitDB æ•°æ®åº“è¿æ¥æˆåŠŸ!
[2025-03-09 14:29:43] [36m[info][0m init_redis.go:21 Blog-Server/core.InitRedis redisè¿æ¥æˆåŠŸ
[2025-03-09 14:29:43] [36m[info][0m init_es.go:24 Blog-Server/core.EsConnect esè¿æ¥æˆåŠŸ
[2025-03-09 14:30:59] [36m[info][0m init_db.go:31 Blog-Server/core.InitDB æ•°æ®åº“è¿æ¥æˆåŠŸ!
[2025-03-09 14:30:59] [36m[info][0m init_redis.go:21 Blog-Server/core.InitRedis redisè¿æ¥æˆåŠŸ
[2025-03-09 14:30:59] [36m[info][0m init_es.go:24 Blog-Server/core.EsConnect esè¿æ¥æˆåŠŸ
[2025-03-09 14:31:27] [36m[info][0m init_db.go:31 Blog-Server/core.InitDB æ•°æ®åº“è¿æ¥æˆåŠŸ!
[2025-03-09 14:31:27] [36m[info][0m init_redis.go:21 Blog-Server/core.InitRedis redisè¿æ¥æˆåŠŸ
[2025-03-09 14:31:27] [36m[info][0m init_es.go:24 Blog-Server/core.EsConnect esè¿æ¥æˆåŠŸ
[2025-03-09 14:32:48] [36m[info][0m init_db.go:31 Blog-Server/core.InitDB æ•°æ®åº“è¿æ¥æˆåŠŸ!
[2025-03-09 14:32:48] [36m[info][0m init_redis.go:21 Blog-Server/core.InitRedis redisè¿æ¥æˆåŠŸ
[2025-03-09 14:32:48] [36m[info][0m init_es.go:24 Blog-Server/core.EsConnect esè¿æ¥æˆåŠŸ
[2025-03-09 14:32:48] [36m[info][0m index.go:41 Blog-Server/service/es_service.DeleteIndex article_index ç´¢å¼•åˆ é™¤æˆåŠŸ
[2025-03-09 14:32:48] [36m[info][0m index.go:25 Blog-Server/service/es_service.CreateIndex article_index ç´¢å¼•åˆ›å»ºæˆåŠŸ
[2025-03-09 14:32:57] [36m[info][0m init_db.go:31 Blog-Server/core.InitDB æ•°æ®åº“è¿æ¥æˆåŠŸ!
[2025-03-09 14:32:57] [36m[info][0m init_redis.go:21 Blog-Server/core.InitRedis redisè¿æ¥æˆåŠŸ
[2025-03-09 14:32:57] [36m[info][0m init_es.go:24 Blog-Server/core.EsConnect esè¿æ¥æˆåŠŸ
[2025-03-09 14:46:21] [36m[info][0m init_db.go:31 Blog-Server/core.InitDB æ•°æ®åº“è¿æ¥æˆåŠŸ!
[2025-03-09 14:46:21] [36m[info][0m init_redis.go:21 Blog-Server/core.InitRedis redisè¿æ¥æˆåŠŸ
[2025-03-09 14:46:21] [36m[info][0m init_es.go:24 Blog-Server/core.EsConnect esè¿æ¥æˆåŠŸ
[2025-03-09 14:57:06] [36m[info][0m init_db.go:31 Blog-Server/core.InitDB æ•°æ®åº“è¿æ¥æˆåŠŸ!
[2025-03-09 14:57:06] [36m[info][0m init_redis.go:21 Blog-Server/core.InitRedis redisè¿æ¥æˆåŠŸ
[2025-03-09 14:57:06] [36m[info][0m init_es.go:24 Blog-Server/core.EsConnect esè¿æ¥æˆåŠŸ
[2025-03-09 14:58:28] [36m[info][0m init_db.go:31 Blog-Server/core.InitDB æ•°æ®åº“è¿æ¥æˆåŠŸ!
[2025-03-09 14:58:28] [36m[info][0m init_redis.go:21 Blog-Server/core.InitRedis redisè¿æ¥æˆåŠŸ
[2025-03-09 14:58:28] [36m[info][0m init_mysql_es.go:12 Blog-Server/core.InitMysqlES å…³é—­mysqlåŒæ­¥æ“ä½œ
[2025-03-09 17:10:20] [36m[info][0m init_db.go:31 Blog-Server/core.InitDB æ•°æ®åº“è¿æ¥æˆåŠŸ!
[2025-03-09 17:10:20] [36m[info][0m init_redis.go:21 Blog-Server/core.InitRedis redisè¿æ¥æˆåŠŸ
[2025-03-09 17:10:20] [36m[info][0m flag_db.go:40 Blog-Server/flags.FlagDB æ•°æ®åº“è¿ç§»æˆåŠŸï¼
[2025-03-09 17:22:45] [36m[info][0m init_db.go:31 Blog-Server/core.InitDB æ•°æ®åº“è¿æ¥æˆåŠŸ!
[2025-03-09 17:22:45] [36m[info][0m init_redis.go:21 Blog-Server/core.InitRedis redisè¿æ¥æˆåŠŸ
[2025-03-09 17:22:45] [36m[info][0m init_mysql_es.go:12 Blog-Server/core.InitMysqlES å…³é—­mysqlåŒæ­¥æ“ä½œ
[2025-03-09 17:27:18] [36m[info][0m article_model.go:61 Blog-Server/models.(*ArticleModel).BeforeDelete åˆ é™¤å…³è”è¯„è®º 0 æ¡
[2025-03-09 17:27:18] [36m[info][0m article_model.go:62 Blog-Server/models.(*ArticleModel).BeforeDelete åˆ é™¤å…³è”ç‚¹èµ 0 æ¡
[2025-03-09 17:27:18] [36m[info][0m article_model.go:63 Blog-Server/models.(*ArticleModel).BeforeDelete åˆ é™¤å…³è”æ”¶è— 0 æ¡
[2025-03-09 17:27:18] [36m[info][0m article_model.go:64 Blog-Server/models.(*ArticleModel).BeforeDelete åˆ é™¤å…³è”ç½®é¡¶ 0 æ¡
[2025-03-09 17:27:18] [36m[info][0m article_model.go:65 Blog-Server/models.(*ArticleModel).BeforeDelete åˆ é™¤å…³è”æµè§ˆ 0 æ¡
[2025-03-09 17:27:18] [36m[info][0m article_model.go:97 Blog-Server/models.(*ArticleModel).AfterDelete åˆ é™¤å…¨æ–‡è®°å½• 2
[2025-03-09 17:31:36] [36m[info][0m init_db.go:31 Blog-Server/core.InitDB æ•°æ®åº“è¿æ¥æˆåŠŸ!
[2025-03-09 17:31:36] [36m[info][0m init_redis.go:21 Blog-Server/core.InitRedis redisè¿æ¥æˆåŠŸ
[2025-03-09 17:31:36] [36m[info][0m init_mysql_es.go:12 Blog-Server/core.InitMysqlES å…³é—­mysqlåŒæ­¥æ“ä½œ
[2025-03-09 17:33:54] [36m[info][0m article_model.go:97 Blog-Server/models.(*ArticleModel).AfterDelete åˆ é™¤å…¨æ–‡è®°å½• 2
[2025-03-09 17:46:34] [36m[info][0m init_db.go:31 Blog-Server/core.InitDB æ•°æ®åº“è¿æ¥æˆåŠŸ!
[2025-03-09 17:46:34] [36m[info][0m init_redis.go:21 Blog-Server/core.InitRedis redisè¿æ¥æˆåŠŸ
[2025-03-09 17:46:34] [36m[info][0m init_es.go:24 Blog-Server/core.EsConnect esè¿æ¥æˆåŠŸ
[2025-03-09 17:50:03] [36m[info][0m article_model.go:61 Blog-Server/models.(*ArticleModel).BeforeDelete åˆ é™¤å…³è”è¯„è®º 0 æ¡
[2025-03-09 17:50:03] [36m[info][0m article_model.go:62 Blog-Server/models.(*ArticleModel).BeforeDelete åˆ é™¤å…³è”ç‚¹èµ 0 æ¡
[2025-03-09 17:50:03] [36m[info][0m article_model.go:63 Blog-Server/models.(*ArticleModel).BeforeDelete åˆ é™¤å…³è”æ”¶è— 0 æ¡
[2025-03-09 17:50:03] [36m[info][0m article_model.go:64 Blog-Server/models.(*ArticleModel).BeforeDelete åˆ é™¤å…³è”ç½®é¡¶ 0 æ¡
[2025-03-09 17:50:03] [36m[info][0m article_model.go:65 Blog-Server/models.(*ArticleModel).BeforeDelete åˆ é™¤å…³è”æµè§ˆ 0 æ¡
[2025-03-09 17:50:03] [36m[info][0m article_model.go:100 Blog-Server/models.(*ArticleModel).AfterDelete åˆ é™¤å…¨æ–‡è®°å½• 2
[2025-03-09 17:51:27] [36m[info][0m article_model.go:61 Blog-Server/models.(*ArticleModel).BeforeDelete åˆ é™¤å…³è”è¯„è®º 0 æ¡
[2025-03-09 17:51:27] [36m[info][0m article_model.go:62 Blog-Server/models.(*ArticleModel).BeforeDelete åˆ é™¤å…³è”ç‚¹èµ 0 æ¡
[2025-03-09 17:51:27] [36m[info][0m article_model.go:63 Blog-Server/models.(*ArticleModel).BeforeDelete åˆ é™¤å…³è”æ”¶è— 0 æ¡
[2025-03-09 17:51:27] [36m[info][0m article_model.go:64 Blog-Server/models.(*ArticleModel).BeforeDelete åˆ é™¤å…³è”ç½®é¡¶ 0 æ¡
[2025-03-09 17:51:27] [36m[info][0m article_model.go:65 Blog-Server/models.(*ArticleModel).BeforeDelete åˆ é™¤å…³è”æµè§ˆ 0 æ¡
[2025-03-09 17:51:27] [36m[info][0m article_model.go:100 Blog-Server/models.(*ArticleModel).AfterDelete åˆ é™¤å…¨æ–‡è®°å½• 1
[2025-03-09 19:13:50] [36m[info][0m init_db.go:31 Blog-Server/core.InitDB æ•°æ®åº“è¿æ¥æˆåŠŸ!
[2025-03-09 19:13:50] [36m[info][0m init_redis.go:21 Blog-Server/core.InitRedis redisè¿æ¥æˆåŠŸ
[2025-03-09 19:13:50] [36m[info][0m init_es.go:24 Blog-Server/core.EsConnect esè¿æ¥æˆåŠŸ
[2025-03-09 19:22:00] [36m[info][0m init_db.go:31 Blog-Server/core.InitDB æ•°æ®åº“è¿æ¥æˆåŠŸ!
[2025-03-09 19:22:00] [36m[info][0m init_redis.go:21 Blog-Server/core.InitRedis redisè¿æ¥æˆåŠŸ
[2025-03-09 19:22:00] [36m[info][0m init_mysql_es.go:16 Blog-Server/core.InitMysqlES æœªé…ç½®esï¼Œå…³é—­mysqlæ•°æ®åŒæ­¥
