[2025-03-05 18:08:32] [36m[info][0m init_db.go:31 Blog-Server/core.InitDB æ•°æ®åº“è¿æ¥æˆåŠŸ!
[2025-03-05 18:08:32] [36m[info][0m init_redis.go:21 Blog-Server/core.InitRedis redisè¿æ¥æˆåŠŸ
[2025-03-05 18:08:33] [36m[info][0m init_es.go:24 Blog-Server/core.EsConnect esè¿æ¥æˆåŠŸ
[2025-03-05 18:17:19] [36m[info][0m init_db.go:31 Blog-Server/core.InitDB æ•°æ®åº“è¿æ¥æˆåŠŸ!
[2025-03-05 18:17:19] [36m[info][0m init_redis.go:21 Blog-Server/core.InitRedis redisè¿æ¥æˆåŠŸ
[2025-03-05 18:17:20] [36m[info][0m init_es.go:24 Blog-Server/core.EsConnect esè¿æ¥æˆåŠŸ
[2025-03-05 18:18:39] [36m[info][0m init_db.go:31 Blog-Server/core.InitDB æ•°æ®åº“è¿æ¥æˆåŠŸ!
[2025-03-05 18:18:39] [36m[info][0m init_redis.go:21 Blog-Server/core.InitRedis redisè¿æ¥æˆåŠŸ
[2025-03-05 18:18:39] [36m[info][0m init_es.go:24 Blog-Server/core.EsConnect esè¿æ¥æˆåŠŸ
[2025-03-05 18:18:58] [36m[info][0m enter.go:72 Blog-Server/flags/flag_user.FlagUser.Create åˆ›å»ºç”¨æˆ·æˆåŠŸ
[2025-03-05 18:34:11] [36m[info][0m init_db.go:31 Blog-Server/core.InitDB æ•°æ®åº“è¿æ¥æˆåŠŸ!
[2025-03-05 18:34:11] [36m[info][0m init_redis.go:21 Blog-Server/core.InitRedis redisè¿æ¥æˆåŠŸ
[2025-03-05 18:34:11] [36m[info][0m init_es.go:24 Blog-Server/core.EsConnect esè¿æ¥æˆåŠŸ
[2025-03-05 18:40:21] [36m[info][0m init_db.go:31 Blog-Server/core.InitDB æ•°æ®åº“è¿æ¥æˆåŠŸ!
[2025-03-05 18:40:21] [36m[info][0m init_redis.go:21 Blog-Server/core.InitRedis redisè¿æ¥æˆåŠŸ
[2025-03-05 18:40:21] [36m[info][0m init_es.go:24 Blog-Server/core.EsConnect esè¿æ¥æˆåŠŸ
[2025-03-05 18:54:13] [36m[info][0m init_db.go:31 Blog-Server/core.InitDB æ•°æ®åº“è¿æ¥æˆåŠŸ!
[2025-03-05 18:54:13] [36m[info][0m init_redis.go:21 Blog-Server/core.InitRedis redisè¿æ¥æˆåŠŸ
[2025-03-05 18:54:13] [36m[info][0m init_es.go:24 Blog-Server/core.EsConnect esè¿æ¥æˆåŠŸ
[2025-03-05 19:06:15] [36m[info][0m init_db.go:31 Blog-Server/core.InitDB æ•°æ®åº“è¿æ¥æˆåŠŸ!
[2025-03-05 19:06:15] [36m[info][0m init_redis.go:21 Blog-Server/core.InitRedis redisè¿æ¥æˆåŠŸ
[2025-03-05 19:06:15] [36m[info][0m init_es.go:24 Blog-Server/core.EsConnect esè¿æ¥æˆåŠŸ
[2025-03-05 19:18:33] [36m[info][0m init_db.go:31 Blog-Server/core.InitDB æ•°æ®åº“è¿æ¥æˆåŠŸ!
[2025-03-05 19:18:33] [36m[info][0m init_redis.go:21 Blog-Server/core.InitRedis redisè¿æ¥æˆåŠŸ
[2025-03-05 19:18:33] [36m[info][0m init_es.go:24 Blog-Server/core.EsConnect esè¿æ¥æˆåŠŸ
[2025-03-05 20:12:10] [31m[fatal][0m init_db.go:25 Blog-Server/core.InitDB æ•°æ®åº“è¿æ¥å¤±è´¥ dial tcp 192.168.179.135:3306: connectex: A connection attempt failed because the connected party did not properly respond after a period of time, or established connection failed because connected host has failed to respond.
[2025-03-05 20:12:45] [31m[fatal][0m init_db.go:25 Blog-Server/core.InitDB æ•°æ®åº“è¿æ¥å¤±è´¥ dial tcp 192.168.179.135:3306: connectex: A connection attempt failed because the connected party did not properly respond after a period of time, or established connection failed because connected host has failed to respond.
[2025-03-05 20:13:16] [31m[fatal][0m init_db.go:25 Blog-Server/core.InitDB æ•°æ®åº“è¿æ¥å¤±è´¥ dial tcp 192.168.179.135:3306: connectex: A connection attempt failed because the connected party did not properly respond after a period of time, or established connection failed because connected host has failed to respond.
[2025-03-05 20:43:13] [31m[fatal][0m init_db.go:25 Blog-Server/core.InitDB æ•°æ®åº“è¿æ¥å¤±è´¥ dial tcp 192.168.179.135:3306: connectex: A connection attempt failed because the connected party did not properly respond after a period of time, or established connection failed because connected host has failed to respond.
[2025-03-05 20:44:08] [31m[fatal][0m init_db.go:25 Blog-Server/core.InitDB æ•°æ®åº“è¿æ¥å¤±è´¥ dial tcp 192.168.179.135:3306: connectex: A connection attempt failed because the connected party did not properly respond after a period of time, or established connection failed because connected host has failed to respond.
[2025-03-05 20:45:23] [36m[info][0m init_db.go:31 Blog-Server/core.InitDB æ•°æ®åº“è¿æ¥æˆåŠŸ!
[2025-03-05 20:45:23] [36m[info][0m init_redis.go:21 Blog-Server/core.InitRedis redisè¿æ¥æˆåŠŸ
[2025-03-05 20:45:30] [31m[panic][0m init_es.go:21 Blog-Server/core.EsConnect esè¿æ¥å¤±è´¥ health check timeout: Head "http://192.168.179.135:9200": dial tcp 192.168.179.135:9200: connectex: No connection could be made because the target machine actively refused it.: no Elasticsearch node available
[2025-03-05 20:46:55] [36m[info][0m init_db.go:31 Blog-Server/core.InitDB æ•°æ®åº“è¿æ¥æˆåŠŸ!
[2025-03-05 20:46:55] [36m[info][0m init_redis.go:21 Blog-Server/core.InitRedis redisè¿æ¥æˆåŠŸ
[2025-03-05 20:46:55] [36m[info][0m init_es.go:24 Blog-Server/core.EsConnect esè¿æ¥æˆåŠŸ
[2025-03-05 21:23:00] [36m[info][0m init_db.go:31 Blog-Server/core.InitDB æ•°æ®åº“è¿æ¥æˆåŠŸ!
[2025-03-05 21:23:00] [36m[info][0m init_redis.go:21 Blog-Server/core.InitRedis redisè¿æ¥æˆåŠŸ
[2025-03-05 21:23:00] [36m[info][0m init_es.go:24 Blog-Server/core.EsConnect esè¿æ¥æˆåŠŸ
[2025-03-05 22:03:58] [36m[info][0m init_db.go:31 Blog-Server/core.InitDB æ•°æ®åº“è¿æ¥æˆåŠŸ!
[2025-03-05 22:03:58] [36m[info][0m init_redis.go:21 Blog-Server/core.InitRedis redisè¿æ¥æˆåŠŸ
[2025-03-05 22:03:58] [36m[info][0m init_es.go:24 Blog-Server/core.EsConnect esè¿æ¥æˆåŠŸ
