[2025-03-10 11:53:06] [36m[info][0m init_db.go:31 Blog-Server/core.InitDB æ•°æ®åº“è¿æ¥æˆåŠŸ!
[2025-03-10 11:53:06] [31m[fatal][0m init_redis.go:19 Blog-Server/core.InitRedis redisè¿æ¥å¤±è´¥ dial tcp 127.0.0.1:6379: connectex: No connection could be made because the target machine actively refused it.
[2025-03-10 11:53:42] [36m[info][0m init_db.go:31 Blog-Server/core.InitDB æ•°æ®åº“è¿æ¥æˆåŠŸ!
[2025-03-10 11:53:42] [36m[info][0m init_redis.go:21 Blog-Server/core.InitRedis redisè¿æ¥æˆåŠŸ
[2025-03-10 11:53:42] [36m[info][0m init_mysql_es.go:16 Blog-Server/core.InitMysqlES æœªé…ç½®esï¼Œå…³é—­mysqlæ•°æ®åŒæ­¥
[2025-03-10 12:01:19] [36m[info][0m init_db.go:31 Blog-Server/core.InitDB æ•°æ®åº“è¿æ¥æˆåŠŸ!
[2025-03-10 12:01:19] [36m[info][0m init_redis.go:21 Blog-Server/core.InitRedis redisè¿æ¥æˆåŠŸ
[2025-03-10 12:01:19] [36m[info][0m init_mysql_es.go:16 Blog-Server/core.InitMysqlES æœªé…ç½®esï¼Œå…³é—­mysqlæ•°æ®åŒæ­¥
[2025-03-10 12:15:27] [36m[info][0m init_db.go:31 Blog-Server/core.InitDB æ•°æ®åº“è¿æ¥æˆåŠŸ!
[2025-03-10 12:15:27] [36m[info][0m init_redis.go:21 Blog-Server/core.InitRedis redisè¿æ¥æˆåŠŸ
[2025-03-10 12:15:27] [36m[info][0m init_mysql_es.go:16 Blog-Server/core.InitMysqlES æœªé…ç½®esï¼Œå…³é—­mysqlæ•°æ®åŒæ­¥
[2025-03-10 12:36:03] [36m[info][0m init_db.go:31 Blog-Server/core.InitDB æ•°æ®åº“è¿æ¥æˆåŠŸ!
[2025-03-10 12:36:03] [36m[info][0m init_redis.go:21 Blog-Server/core.InitRedis redisè¿æ¥æˆåŠŸ
[2025-03-10 12:36:03] [36m[info][0m init_mysql_es.go:16 Blog-Server/core.InitMysqlES æœªé…ç½®esï¼Œå…³é—­mysqlæ•°æ®åŒæ­¥
[2025-03-10 12:47:14] [36m[info][0m init_db.go:31 Blog-Server/core.InitDB æ•°æ®åº“è¿æ¥æˆåŠŸ!
[2025-03-10 12:47:14] [36m[info][0m init_redis.go:21 Blog-Server/core.InitRedis redisè¿æ¥æˆåŠŸ
[2025-03-10 12:47:14] [36m[info][0m init_mysql_es.go:16 Blog-Server/core.InitMysqlES æœªé…ç½®esï¼Œå…³é—­mysqlæ•°æ®åŒæ­¥
[2025-03-10 12:47:48] [36m[info][0m init_db.go:31 Blog-Server/core.InitDB æ•°æ®åº“è¿æ¥æˆåŠŸ!
[2025-03-10 12:47:48] [36m[info][0m init_redis.go:21 Blog-Server/core.InitRedis redisè¿æ¥æˆåŠŸ
[2025-03-10 12:47:49] [36m[info][0m init_es.go:24 Blog-Server/core.EsConnect esè¿æ¥æˆåŠŸ
[2025-03-10 12:56:50] [36m[info][0m init_db.go:31 Blog-Server/core.InitDB æ•°æ®åº“è¿æ¥æˆåŠŸ!
[2025-03-10 12:56:50] [36m[info][0m init_redis.go:21 Blog-Server/core.InitRedis redisè¿æ¥æˆåŠŸ
[2025-03-10 12:56:50] [36m[info][0m init_es.go:24 Blog-Server/core.EsConnect esè¿æ¥æˆåŠŸ
[2025-03-10 13:02:48] [36m[info][0m init_db.go:31 Blog-Server/core.InitDB æ•°æ®åº“è¿æ¥æˆåŠŸ!
[2025-03-10 13:02:48] [36m[info][0m init_redis.go:21 Blog-Server/core.InitRedis redisè¿æ¥æˆåŠŸ
[2025-03-10 13:02:48] [36m[info][0m init_es.go:24 Blog-Server/core.EsConnect esè¿æ¥æˆåŠŸ
[2025-03-10 13:41:11] [36m[info][0m init_db.go:31 Blog-Server/core.InitDB æ•°æ®åº“è¿æ¥æˆåŠŸ!
[2025-03-10 13:41:11] [36m[info][0m init_redis.go:21 Blog-Server/core.InitRedis redisè¿æ¥æˆåŠŸ
[2025-03-10 13:41:11] [36m[info][0m init_es.go:24 Blog-Server/core.EsConnect esè¿æ¥æˆåŠŸ
[2025-03-10 13:47:07] [36m[info][0m init_db.go:31 Blog-Server/core.InitDB æ•°æ®åº“è¿æ¥æˆåŠŸ!
[2025-03-10 13:47:07] [36m[info][0m init_redis.go:21 Blog-Server/core.InitRedis redisè¿æ¥æˆåŠŸ
[2025-03-10 13:47:07] [36m[info][0m init_es.go:24 Blog-Server/core.EsConnect esè¿æ¥æˆåŠŸ
[2025-03-10 13:55:27] [36m[info][0m init_db.go:31 Blog-Server/core.InitDB æ•°æ®åº“è¿æ¥æˆåŠŸ!
[2025-03-10 13:55:27] [36m[info][0m init_redis.go:21 Blog-Server/core.InitRedis redisè¿æ¥æˆåŠŸ
[2025-03-10 13:55:27] [36m[info][0m init_es.go:25 Blog-Server/core.EsConnect esè¿æ¥æˆåŠŸ
[2025-03-10 13:56:26] [36m[info][0m init_db.go:31 Blog-Server/core.InitDB æ•°æ®åº“è¿æ¥æˆåŠŸ!
[2025-03-10 13:56:26] [36m[info][0m init_redis.go:21 Blog-Server/core.InitRedis redisè¿æ¥æˆåŠŸ
[2025-03-10 13:56:26] [36m[info][0m init_es.go:13 Blog-Server/core.EsConnect æœªå¯ç”¨esè¿æ¥
[2025-03-10 13:56:26] [36m[info][0m init_mysql_es.go:16 Blog-Server/core.InitMysqlES æœªé…ç½®esï¼Œå…³é—­mysqlæ•°æ®åŒæ­¥
[2025-03-10 14:04:27] [36m[info][0m init_db.go:31 Blog-Server/core.InitDB æ•°æ®åº“è¿æ¥æˆåŠŸ!
[2025-03-10 14:04:27] [36m[info][0m init_redis.go:21 Blog-Server/core.InitRedis redisè¿æ¥æˆåŠŸ
[2025-03-10 14:04:27] [36m[info][0m init_es.go:13 Blog-Server/core.EsConnect æœªå¯ç”¨esè¿æ¥
[2025-03-10 14:04:27] [36m[info][0m init_mysql_es.go:16 Blog-Server/core.InitMysqlES æœªé…ç½®esï¼Œå…³é—­mysqlæ•°æ®åŒæ­¥
[2025-03-10 14:08:40] [36m[info][0m init_db.go:31 Blog-Server/core.InitDB æ•°æ®åº“è¿æ¥æˆåŠŸ!
[2025-03-10 14:08:40] [36m[info][0m init_redis.go:21 Blog-Server/core.InitRedis redisè¿æ¥æˆåŠŸ
[2025-03-10 14:08:40] [36m[info][0m init_es.go:13 Blog-Server/core.EsConnect æœªå¯ç”¨esè¿æ¥
[2025-03-10 14:08:40] [36m[info][0m init_mysql_es.go:16 Blog-Server/core.InitMysqlES æœªé…ç½®esï¼Œå…³é—­mysqlæ•°æ®åŒæ­¥
[2025-03-10 14:11:44] [36m[info][0m init_db.go:31 Blog-Server/core.InitDB æ•°æ®åº“è¿æ¥æˆåŠŸ!
[2025-03-10 14:11:44] [36m[info][0m init_redis.go:21 Blog-Server/core.InitRedis redisè¿æ¥æˆåŠŸ
[2025-03-10 14:11:44] [36m[info][0m init_es.go:25 Blog-Server/core.EsConnect esè¿æ¥æˆåŠŸ
[2025-03-10 14:20:42] [36m[info][0m init_db.go:31 Blog-Server/core.InitDB æ•°æ®åº“è¿æ¥æˆåŠŸ!
[2025-03-10 14:20:42] [36m[info][0m init_redis.go:21 Blog-Server/core.InitRedis redisè¿æ¥æˆåŠŸ
[2025-03-10 14:20:42] [36m[info][0m init_es.go:25 Blog-Server/core.EsConnect esè¿æ¥æˆåŠŸ
[2025-03-10 14:20:42] [36m[info][0m flag_db.go:40 Blog-Server/flags.FlagDB æ•°æ®åº“è¿ç§»æˆåŠŸï¼
[2025-03-10 14:21:40] [36m[info][0m init_db.go:31 Blog-Server/core.InitDB æ•°æ®åº“è¿æ¥æˆåŠŸ!
[2025-03-10 14:21:40] [36m[info][0m init_redis.go:21 Blog-Server/core.InitRedis redisè¿æ¥æˆåŠŸ
[2025-03-10 14:21:40] [36m[info][0m init_es.go:25 Blog-Server/core.EsConnect esè¿æ¥æˆåŠŸ
[2025-03-10 14:21:40] [36m[info][0m index.go:41 Blog-Server/service/es_service.DeleteIndex article_index ç´¢å¼•åˆ é™¤æˆåŠŸ
[2025-03-10 14:21:40] [36m[info][0m index.go:25 Blog-Server/service/es_service.CreateIndex article_index ç´¢å¼•åˆ›å»ºæˆåŠŸ
[2025-03-10 14:21:40] [36m[info][0m index.go:41 Blog-Server/service/es_service.DeleteIndex text_index ç´¢å¼•åˆ é™¤æˆåŠŸ
[2025-03-10 14:21:41] [36m[info][0m index.go:25 Blog-Server/service/es_service.CreateIndex text_index ç´¢å¼•åˆ›å»ºæˆåŠŸ
[2025-03-10 14:21:54] [36m[info][0m init_db.go:31 Blog-Server/core.InitDB æ•°æ®åº“è¿æ¥æˆåŠŸ!
[2025-03-10 14:21:54] [36m[info][0m init_redis.go:21 Blog-Server/core.InitRedis redisè¿æ¥æˆåŠŸ
[2025-03-10 14:21:54] [36m[info][0m init_es.go:25 Blog-Server/core.EsConnect esè¿æ¥æˆåŠŸ
[2025-03-10 14:24:55] [36m[info][0m init_db.go:31 Blog-Server/core.InitDB æ•°æ®åº“è¿æ¥æˆåŠŸ!
[2025-03-10 14:24:55] [36m[info][0m init_redis.go:21 Blog-Server/core.InitRedis redisè¿æ¥æˆåŠŸ
[2025-03-10 14:24:55] [36m[info][0m init_es.go:25 Blog-Server/core.EsConnect esè¿æ¥æˆåŠŸ
[2025-03-10 14:25:24] [36m[info][0m init_db.go:31 Blog-Server/core.InitDB æ•°æ®åº“è¿æ¥æˆåŠŸ!
[2025-03-10 14:25:24] [36m[info][0m init_redis.go:21 Blog-Server/core.InitRedis redisè¿æ¥æˆåŠŸ
[2025-03-10 14:25:24] [36m[info][0m init_es.go:25 Blog-Server/core.EsConnect esè¿æ¥æˆåŠŸ
[2025-03-10 14:31:22] [36m[info][0m init_db.go:31 Blog-Server/core.InitDB æ•°æ®åº“è¿æ¥æˆåŠŸ!
[2025-03-10 14:31:22] [36m[info][0m init_redis.go:21 Blog-Server/core.InitRedis redisè¿æ¥æˆåŠŸ
[2025-03-10 14:31:22] [36m[info][0m init_es.go:25 Blog-Server/core.EsConnect esè¿æ¥æˆåŠŸ
[2025-03-10 14:33:42] [36m[info][0m init_db.go:31 Blog-Server/core.InitDB æ•°æ®åº“è¿æ¥æˆåŠŸ!
[2025-03-10 14:33:42] [36m[info][0m init_redis.go:21 Blog-Server/core.InitRedis redisè¿æ¥æˆåŠŸ
[2025-03-10 14:33:42] [36m[info][0m init_es.go:25 Blog-Server/core.EsConnect esè¿æ¥æˆåŠŸ
[2025-03-10 14:34:50] [36m[info][0m init_db.go:31 Blog-Server/core.InitDB æ•°æ®åº“è¿æ¥æˆåŠŸ!
[2025-03-10 14:34:50] [36m[info][0m init_redis.go:21 Blog-Server/core.InitRedis redisè¿æ¥æˆåŠŸ
[2025-03-10 14:34:50] [36m[info][0m init_es.go:25 Blog-Server/core.EsConnect esè¿æ¥æˆåŠŸ
[2025-03-10 14:35:15] [36m[info][0m init_db.go:31 Blog-Server/core.InitDB æ•°æ®åº“è¿æ¥æˆåŠŸ!
[2025-03-10 14:35:15] [36m[info][0m init_redis.go:21 Blog-Server/core.InitRedis redisè¿æ¥æˆåŠŸ
[2025-03-10 14:35:15] [36m[info][0m init_es.go:25 Blog-Server/core.EsConnect esè¿æ¥æˆåŠŸ
