[2025-03-08 12:31:27] [31m[fatal][0m init_db.go:25 Blog-Server/core.InitDB æ•°æ®åº“è¿æ¥å¤±è´¥ dial tcp 192.168.179.135:3306: connectex: A connection attempt failed because the connected party did not properly respond after a period of time, or established connection failed because connected host has failed to respond.
[2025-03-08 12:49:53] [36m[info][0m init_db.go:31 Blog-Server/core.InitDB æ•°æ®åº“è¿æ¥æˆåŠŸ!
[2025-03-08 12:49:53] [36m[info][0m init_redis.go:21 Blog-Server/core.InitRedis redisè¿æ¥æˆåŠŸ
[2025-03-08 12:49:53] [36m[info][0m init_es.go:24 Blog-Server/core.EsConnect esè¿æ¥æˆåŠŸ
[2025-03-08 12:49:54] [36m[info][0m flag_db.go:39 Blog-Server/flags.FlagDB æ•°æ®åº“è¿ç§»æˆåŠŸï¼
[2025-03-08 13:54:56] [36m[info][0m init_db.go:31 Blog-Server/core.InitDB æ•°æ®åº“è¿æ¥æˆåŠŸ!
[2025-03-08 13:54:56] [36m[info][0m init_redis.go:21 Blog-Server/core.InitRedis redisè¿æ¥æˆåŠŸ
[2025-03-08 13:54:56] [36m[info][0m init_es.go:24 Blog-Server/core.EsConnect esè¿æ¥æˆåŠŸ
[2025-03-08 14:10:52] [36m[info][0m init_db.go:31 Blog-Server/core.InitDB æ•°æ®åº“è¿æ¥æˆåŠŸ!
[2025-03-08 14:10:52] [36m[info][0m init_redis.go:21 Blog-Server/core.InitRedis redisè¿æ¥æˆåŠŸ
[2025-03-08 14:10:52] [36m[info][0m init_es.go:24 Blog-Server/core.EsConnect esè¿æ¥æˆåŠŸ
[2025-03-08 14:32:19] [36m[info][0m init_db.go:31 Blog-Server/core.InitDB æ•°æ®åº“è¿æ¥æˆåŠŸ!
[2025-03-08 14:32:19] [36m[info][0m init_redis.go:21 Blog-Server/core.InitRedis redisè¿æ¥æˆåŠŸ
[2025-03-08 14:32:19] [36m[info][0m init_es.go:24 Blog-Server/core.EsConnect esè¿æ¥æˆåŠŸ
[2025-03-08 14:35:28] [36m[info][0m init_db.go:31 Blog-Server/core.InitDB æ•°æ®åº“è¿æ¥æˆåŠŸ!
[2025-03-08 14:37:03] [36m[info][0m init_db.go:31 Blog-Server/core.InitDB æ•°æ®åº“è¿æ¥æˆåŠŸ!
[2025-03-08 14:37:03] [36m[info][0m init_redis.go:21 Blog-Server/core.InitRedis redisè¿æ¥æˆåŠŸ
[2025-03-08 14:37:03] [36m[info][0m init_es.go:24 Blog-Server/core.EsConnect esè¿æ¥æˆåŠŸ
[2025-03-08 14:45:54] [36m[info][0m init_db.go:31 Blog-Server/core.InitDB æ•°æ®åº“è¿æ¥æˆåŠŸ!
[2025-03-08 14:47:51] [36m[info][0m init_db.go:31 Blog-Server/core.InitDB æ•°æ®åº“è¿æ¥æˆåŠŸ!
[2025-03-08 14:47:51] [36m[info][0m init_redis.go:21 Blog-Server/core.InitRedis redisè¿æ¥æˆåŠŸ
[2025-03-08 14:47:51] [36m[info][0m init_es.go:24 Blog-Server/core.EsConnect esè¿æ¥æˆåŠŸ
[2025-03-08 14:54:36] [36m[info][0m init_db.go:31 Blog-Server/core.InitDB æ•°æ®åº“è¿æ¥æˆåŠŸ!
[2025-03-08 14:54:36] [36m[info][0m init_redis.go:21 Blog-Server/core.InitRedis redisè¿æ¥æˆåŠŸ
[2025-03-08 14:54:36] [36m[info][0m init_es.go:24 Blog-Server/core.EsConnect esè¿æ¥æˆåŠŸ
[2025-03-08 15:08:31] [36m[info][0m init_db.go:31 Blog-Server/core.InitDB æ•°æ®åº“è¿æ¥æˆåŠŸ!
[2025-03-08 15:08:31] [36m[info][0m init_redis.go:21 Blog-Server/core.InitRedis redisè¿æ¥æˆåŠŸ
[2025-03-08 15:08:31] [36m[info][0m init_es.go:24 Blog-Server/core.EsConnect esè¿æ¥æˆåŠŸ
[2025-03-08 15:10:14] [36m[info][0m init_db.go:31 Blog-Server/core.InitDB æ•°æ®åº“è¿æ¥æˆåŠŸ!
[2025-03-08 17:41:16] [36m[info][0m init_db.go:31 Blog-Server/core.InitDB æ•°æ®åº“è¿æ¥æˆåŠŸ!
[2025-03-08 17:41:16] [36m[info][0m init_redis.go:21 Blog-Server/core.InitRedis redisè¿æ¥æˆåŠŸ
[2025-03-08 17:41:16] [36m[info][0m init_es.go:24 Blog-Server/core.EsConnect esè¿æ¥æˆåŠŸ
[2025-03-08 17:46:00] [36m[info][0m init_db.go:31 Blog-Server/core.InitDB æ•°æ®åº“è¿æ¥æˆåŠŸ!
[2025-03-08 17:46:00] [36m[info][0m init_redis.go:21 Blog-Server/core.InitRedis redisè¿æ¥æˆåŠŸ
[2025-03-08 17:46:00] [36m[info][0m init_es.go:24 Blog-Server/core.EsConnect esè¿æ¥æˆåŠŸ
[2025-03-08 17:47:50] [36m[info][0m init_db.go:31 Blog-Server/core.InitDB æ•°æ®åº“è¿æ¥æˆåŠŸ!
[2025-03-08 17:49:46] [36m[info][0m init_db.go:31 Blog-Server/core.InitDB æ•°æ®åº“è¿æ¥æˆåŠŸ!
[2025-03-08 17:53:08] [36m[info][0m init_db.go:31 Blog-Server/core.InitDB æ•°æ®åº“è¿æ¥æˆåŠŸ!
[2025-03-08 17:53:08] [36m[info][0m init_redis.go:21 Blog-Server/core.InitRedis redisè¿æ¥æˆåŠŸ
[2025-03-08 17:53:08] [36m[info][0m init_es.go:24 Blog-Server/core.EsConnect esè¿æ¥æˆåŠŸ
[2025-03-08 17:55:11] [36m[info][0m init_db.go:31 Blog-Server/core.InitDB æ•°æ®åº“è¿æ¥æˆåŠŸ!
[2025-03-08 18:07:10] [36m[info][0m init_db.go:31 Blog-Server/core.InitDB æ•°æ®åº“è¿æ¥æˆåŠŸ!
[2025-03-08 18:07:10] [36m[info][0m init_redis.go:21 Blog-Server/core.InitRedis redisè¿æ¥æˆåŠŸ
[2025-03-08 18:07:10] [36m[info][0m init_es.go:24 Blog-Server/core.EsConnect esè¿æ¥æˆåŠŸ
[2025-03-08 18:12:00] [36m[info][0m init_db.go:31 Blog-Server/core.InitDB æ•°æ®åº“è¿æ¥æˆåŠŸ!
[2025-03-08 18:12:00] [36m[info][0m init_redis.go:21 Blog-Server/core.InitRedis redisè¿æ¥æˆåŠŸ
[2025-03-08 18:12:00] [36m[info][0m init_es.go:24 Blog-Server/core.EsConnect esè¿æ¥æˆåŠŸ
[2025-03-08 18:46:06] [36m[info][0m init_db.go:31 Blog-Server/core.InitDB æ•°æ®åº“è¿æ¥æˆåŠŸ!
[2025-03-08 18:46:06] [36m[info][0m init_redis.go:21 Blog-Server/core.InitRedis redisè¿æ¥æˆåŠŸ
[2025-03-08 18:46:06] [36m[info][0m init_es.go:24 Blog-Server/core.EsConnect esè¿æ¥æˆåŠŸ
[2025-03-08 19:56:52] [36m[info][0m init_db.go:31 Blog-Server/core.InitDB æ•°æ®åº“è¿æ¥æˆåŠŸ!
[2025-03-08 19:56:52] [36m[info][0m init_redis.go:21 Blog-Server/core.InitRedis redisè¿æ¥æˆåŠŸ
[2025-03-08 19:56:52] [36m[info][0m init_es.go:24 Blog-Server/core.EsConnect esè¿æ¥æˆåŠŸ
[2025-03-08 20:19:59] [36m[info][0m init_db.go:31 Blog-Server/core.InitDB æ•°æ®åº“è¿æ¥æˆåŠŸ!
[2025-03-08 20:19:59] [36m[info][0m init_redis.go:21 Blog-Server/core.InitRedis redisè¿æ¥æˆåŠŸ
[2025-03-08 20:19:59] [36m[info][0m init_es.go:24 Blog-Server/core.EsConnect esè¿æ¥æˆåŠŸ
[2025-03-08 20:22:50] [36m[info][0m init_db.go:31 Blog-Server/core.InitDB æ•°æ®åº“è¿æ¥æˆåŠŸ!
[2025-03-08 20:22:50] [36m[info][0m init_redis.go:21 Blog-Server/core.InitRedis redisè¿æ¥æˆåŠŸ
[2025-03-08 20:22:50] [36m[info][0m init_es.go:24 Blog-Server/core.EsConnect esè¿æ¥æˆåŠŸ
[2025-03-08 20:40:32] [36m[info][0m init_db.go:31 Blog-Server/core.InitDB æ•°æ®åº“è¿æ¥æˆåŠŸ!
[2025-03-08 20:40:32] [36m[info][0m init_redis.go:21 Blog-Server/core.InitRedis redisè¿æ¥æˆåŠŸ
[2025-03-08 20:40:32] [36m[info][0m init_es.go:24 Blog-Server/core.EsConnect esè¿æ¥æˆåŠŸ
[2025-03-08 20:47:55] [36m[info][0m init_db.go:31 Blog-Server/core.InitDB æ•°æ®åº“è¿æ¥æˆåŠŸ!
[2025-03-08 20:47:55] [36m[info][0m init_redis.go:21 Blog-Server/core.InitRedis redisè¿æ¥æˆåŠŸ
[2025-03-08 20:47:55] [36m[info][0m init_es.go:24 Blog-Server/core.EsConnect esè¿æ¥æˆåŠŸ
[2025-03-08 21:05:12] [36m[info][0m init_db.go:31 Blog-Server/core.InitDB æ•°æ®åº“è¿æ¥æˆåŠŸ!
[2025-03-08 21:05:12] [36m[info][0m init_redis.go:21 Blog-Server/core.InitRedis redisè¿æ¥æˆåŠŸ
[2025-03-08 21:05:12] [36m[info][0m init_es.go:24 Blog-Server/core.EsConnect esè¿æ¥æˆåŠŸ
[2025-03-08 21:26:19] [36m[info][0m init_db.go:31 Blog-Server/core.InitDB æ•°æ®åº“è¿æ¥æˆåŠŸ!
[2025-03-08 21:26:19] [36m[info][0m init_redis.go:21 Blog-Server/core.InitRedis redisè¿æ¥æˆåŠŸ
[2025-03-08 21:26:19] [36m[info][0m init_es.go:24 Blog-Server/core.EsConnect esè¿æ¥æˆåŠŸ
[2025-03-08 21:29:14] [36m[info][0m init_db.go:31 Blog-Server/core.InitDB æ•°æ®åº“è¿æ¥æˆåŠŸ!
[2025-03-08 21:29:14] [36m[info][0m init_redis.go:21 Blog-Server/core.InitRedis redisè¿æ¥æˆåŠŸ
[2025-03-08 21:29:14] [36m[info][0m init_es.go:24 Blog-Server/core.EsConnect esè¿æ¥æˆåŠŸ
[2025-03-08 21:32:55] [36m[info][0m init_db.go:31 Blog-Server/core.InitDB æ•°æ®åº“è¿æ¥æˆåŠŸ!
[2025-03-08 21:32:55] [36m[info][0m init_redis.go:21 Blog-Server/core.InitRedis redisè¿æ¥æˆåŠŸ
[2025-03-08 21:32:55] [36m[info][0m init_es.go:24 Blog-Server/core.EsConnect esè¿æ¥æˆåŠŸ
[2025-03-08 22:03:36] [36m[info][0m init_db.go:31 Blog-Server/core.InitDB æ•°æ®åº“è¿æ¥æˆåŠŸ!
[2025-03-08 22:03:36] [36m[info][0m init_redis.go:21 Blog-Server/core.InitRedis redisè¿æ¥æˆåŠŸ
[2025-03-08 22:03:36] [36m[info][0m init_es.go:24 Blog-Server/core.EsConnect esè¿æ¥æˆåŠŸ
[2025-03-08 22:07:21] [36m[info][0m init_db.go:31 Blog-Server/core.InitDB æ•°æ®åº“è¿æ¥æˆåŠŸ!
[2025-03-08 22:07:21] [36m[info][0m init_redis.go:21 Blog-Server/core.InitRedis redisè¿æ¥æˆåŠŸ
[2025-03-08 22:07:21] [36m[info][0m init_es.go:24 Blog-Server/core.EsConnect esè¿æ¥æˆåŠŸ
[2025-03-08 22:10:00] [36m[info][0m init_db.go:31 Blog-Server/core.InitDB æ•°æ®åº“è¿æ¥æˆåŠŸ!
[2025-03-08 22:10:00] [36m[info][0m init_redis.go:21 Blog-Server/core.InitRedis redisè¿æ¥æˆåŠŸ
[2025-03-08 22:10:00] [36m[info][0m init_es.go:24 Blog-Server/core.EsConnect esè¿æ¥æˆåŠŸ
[2025-03-08 22:15:43] [36m[info][0m init_db.go:31 Blog-Server/core.InitDB æ•°æ®åº“è¿æ¥æˆåŠŸ!
[2025-03-08 22:15:43] [36m[info][0m init_redis.go:21 Blog-Server/core.InitRedis redisè¿æ¥æˆåŠŸ
[2025-03-08 22:15:43] [36m[info][0m init_es.go:24 Blog-Server/core.EsConnect esè¿æ¥æˆåŠŸ
[2025-03-08 22:27:41] [36m[info][0m init_db.go:31 Blog-Server/core.InitDB æ•°æ®åº“è¿æ¥æˆåŠŸ!
[2025-03-08 22:27:41] [36m[info][0m init_redis.go:21 Blog-Server/core.InitRedis redisè¿æ¥æˆåŠŸ
[2025-03-08 22:27:41] [36m[info][0m init_es.go:24 Blog-Server/core.EsConnect esè¿æ¥æˆåŠŸ
[2025-03-08 22:38:19] [36m[info][0m init_db.go:31 Blog-Server/core.InitDB æ•°æ®åº“è¿æ¥æˆåŠŸ!
[2025-03-08 22:38:19] [36m[info][0m init_redis.go:21 Blog-Server/core.InitRedis redisè¿æ¥æˆåŠŸ
[2025-03-08 22:38:19] [36m[info][0m init_es.go:24 Blog-Server/core.EsConnect esè¿æ¥æˆåŠŸ
[2025-03-08 22:39:34] [36m[info][0m init_db.go:31 Blog-Server/core.InitDB æ•°æ®åº“è¿æ¥æˆåŠŸ!
[2025-03-08 22:39:34] [36m[info][0m init_redis.go:21 Blog-Server/core.InitRedis redisè¿æ¥æˆåŠŸ
[2025-03-08 22:39:34] [36m[info][0m init_es.go:24 Blog-Server/core.EsConnect esè¿æ¥æˆåŠŸ
[2025-03-08 22:40:54] [36m[info][0m init_db.go:31 Blog-Server/core.InitDB æ•°æ®åº“è¿æ¥æˆåŠŸ!
[2025-03-08 22:40:54] [36m[info][0m init_redis.go:21 Blog-Server/core.InitRedis redisè¿æ¥æˆåŠŸ
[2025-03-08 22:40:54] [36m[info][0m init_es.go:24 Blog-Server/core.EsConnect esè¿æ¥æˆåŠŸ
[2025-03-08 22:42:30] [36m[info][0m init_db.go:31 Blog-Server/core.InitDB æ•°æ®åº“è¿æ¥æˆåŠŸ!
[2025-03-08 22:42:30] [36m[info][0m init_redis.go:21 Blog-Server/core.InitRedis redisè¿æ¥æˆåŠŸ
[2025-03-08 22:42:30] [36m[info][0m init_es.go:24 Blog-Server/core.EsConnect esè¿æ¥æˆåŠŸ
[2025-03-08 22:45:05] [36m[info][0m init_db.go:31 Blog-Server/core.InitDB æ•°æ®åº“è¿æ¥æˆåŠŸ!
[2025-03-08 22:45:05] [36m[info][0m init_redis.go:21 Blog-Server/core.InitRedis redisè¿æ¥æˆåŠŸ
[2025-03-08 22:45:05] [36m[info][0m init_es.go:24 Blog-Server/core.EsConnect esè¿æ¥æˆåŠŸ
[2025-03-08 23:06:40] [36m[info][0m init_db.go:31 Blog-Server/core.InitDB æ•°æ®åº“è¿æ¥æˆåŠŸ!
[2025-03-08 23:06:40] [36m[info][0m init_redis.go:21 Blog-Server/core.InitRedis redisè¿æ¥æˆåŠŸ
[2025-03-08 23:06:40] [36m[info][0m init_es.go:24 Blog-Server/core.EsConnect esè¿æ¥æˆåŠŸ
[2025-03-08 23:08:23] [36m[info][0m init_db.go:31 Blog-Server/core.InitDB æ•°æ®åº“è¿æ¥æˆåŠŸ!
[2025-03-08 23:08:24] [36m[info][0m init_redis.go:21 Blog-Server/core.InitRedis redisè¿æ¥æˆåŠŸ
[2025-03-08 23:08:24] [36m[info][0m init_es.go:24 Blog-Server/core.EsConnect esè¿æ¥æˆåŠŸ
[2025-03-08 23:11:31] [36m[info][0m init_db.go:31 Blog-Server/core.InitDB æ•°æ®åº“è¿æ¥æˆåŠŸ!
[2025-03-08 23:11:31] [36m[info][0m init_redis.go:21 Blog-Server/core.InitRedis redisè¿æ¥æˆåŠŸ
[2025-03-08 23:11:31] [36m[info][0m init_es.go:24 Blog-Server/core.EsConnect esè¿æ¥æˆåŠŸ
[2025-03-08 23:17:05] [36m[info][0m init_db.go:31 Blog-Server/core.InitDB æ•°æ®åº“è¿æ¥æˆåŠŸ!
[2025-03-08 23:17:05] [36m[info][0m init_redis.go:21 Blog-Server/core.InitRedis redisè¿æ¥æˆåŠŸ
[2025-03-08 23:17:05] [36m[info][0m init_es.go:24 Blog-Server/core.EsConnect esè¿æ¥æˆåŠŸ
[2025-03-08 23:38:39] [36m[info][0m init_db.go:31 Blog-Server/core.InitDB æ•°æ®åº“è¿æ¥æˆåŠŸ!
[2025-03-08 23:38:39] [36m[info][0m init_redis.go:21 Blog-Server/core.InitRedis redisè¿æ¥æˆåŠŸ
[2025-03-08 23:38:39] [36m[info][0m init_es.go:24 Blog-Server/core.EsConnect esè¿æ¥æˆåŠŸ
