[2025-02-28 08:37:06] [36m[info][0m init_db.go:29 Blog-Server/core.InitDB æ•°æ®åº“è¿æ¥æˆåŠŸ!
[2025-02-28 08:37:06] [36m[info][0m init_redis.go:21 Blog-Server/core.InitRedis redisè¿æ¥æˆåŠŸ
[2025-02-28 08:38:33] [36m[info][0m init_db.go:29 Blog-Server/core.InitDB æ•°æ®åº“è¿æ¥æˆåŠŸ!
[2025-02-28 08:38:33] [36m[info][0m init_redis.go:21 Blog-Server/core.InitRedis redisè¿æ¥æˆåŠŸ
[2025-02-28 08:53:05] [36m[info][0m image_upload.go:49 Blog-Server/api/image_api.ImageApi.ImageUploadView ä¸Šä¼ å›¾ç‰‡é‡å¤ 8.jpg <==> 8.jpg  a1bfc71495ae4f8b19b1770b70bee629
[2025-02-28 09:04:14] [36m[info][0m init_db.go:29 Blog-Server/core.InitDB æ•°æ®åº“è¿æ¥æˆåŠŸ!
[2025-02-28 09:04:14] [36m[info][0m init_redis.go:21 Blog-Server/core.InitRedis redisè¿æ¥æˆåŠŸ
[2025-02-28 09:04:14] [36m[info][0m flag_db.go:31 Blog-Server/flags.FlagDB æ•°æ®åº“è¿ç§»æˆåŠŸï¼
[2025-02-28 09:04:28] [36m[info][0m init_db.go:29 Blog-Server/core.InitDB æ•°æ®åº“è¿æ¥æˆåŠŸ!
[2025-02-28 09:04:29] [36m[info][0m init_redis.go:21 Blog-Server/core.InitRedis redisè¿æ¥æˆåŠŸ
[2025-02-28 09:14:01] [36m[info][0m init_db.go:29 Blog-Server/core.InitDB æ•°æ®åº“è¿æ¥æˆåŠŸ!
[2025-02-28 09:14:01] [36m[info][0m init_redis.go:21 Blog-Server/core.InitRedis redisè¿æ¥æˆåŠŸ
[2025-02-28 17:54:07] [36m[info][0m init_db.go:29 Blog-Server/core.InitDB æ•°æ®åº“è¿æ¥æˆåŠŸ!
[2025-02-28 17:54:07] [36m[info][0m init_redis.go:21 Blog-Server/core.InitRedis redisè¿æ¥æˆåŠŸ
[2025-02-28 17:57:08] [36m[info][0m init_db.go:29 Blog-Server/core.InitDB æ•°æ®åº“è¿æ¥æˆåŠŸ!
[2025-02-28 17:57:08] [36m[info][0m init_redis.go:21 Blog-Server/core.InitRedis redisè¿æ¥æˆåŠŸ
[2025-02-28 17:59:03] [36m[info][0m init_db.go:29 Blog-Server/core.InitDB æ•°æ®åº“è¿æ¥æˆåŠŸ!
[2025-02-28 17:59:03] [36m[info][0m init_redis.go:21 Blog-Server/core.InitRedis redisè¿æ¥æˆåŠŸ
[2025-02-28 17:59:03] [36m[info][0m flag_db.go:31 Blog-Server/flags.FlagDB æ•°æ®åº“è¿ç§»æˆåŠŸï¼
[2025-02-28 17:59:11] [36m[info][0m init_db.go:29 Blog-Server/core.InitDB æ•°æ®åº“è¿æ¥æˆåŠŸ!
[2025-02-28 17:59:11] [36m[info][0m init_redis.go:21 Blog-Server/core.InitRedis redisè¿æ¥æˆåŠŸ
[2025-02-28 19:42:29] [36m[info][0m init_db.go:29 Blog-Server/core.InitDB æ•°æ®åº“è¿æ¥æˆåŠŸ!
[2025-02-28 19:42:29] [36m[info][0m init_redis.go:21 Blog-Server/core.InitRedis redisè¿æ¥æˆåŠŸ
[2025-02-28 22:59:11] [36m[info][0m init_db.go:29 Blog-Server/core.InitDB æ•°æ®åº“è¿æ¥æˆåŠŸ!
[2025-02-28 22:59:11] [36m[info][0m init_redis.go:21 Blog-Server/core.InitRedis redisè¿æ¥æˆåŠŸ
[2025-02-28 23:02:26] [36m[info][0m init_db.go:29 Blog-Server/core.InitDB æ•°æ®åº“è¿æ¥æˆåŠŸ!
[2025-02-28 23:02:26] [36m[info][0m init_redis.go:21 Blog-Server/core.InitRedis redisè¿æ¥æˆåŠŸ
[2025-02-28 23:22:19] [36m[info][0m init_db.go:29 Blog-Server/core.InitDB æ•°æ®åº“è¿æ¥æˆåŠŸ!
[2025-02-28 23:22:19] [36m[info][0m init_redis.go:21 Blog-Server/core.InitRedis redisè¿æ¥æˆåŠŸ
[2025-02-28 23:22:30] [31m[error][0m captcha_middleware.go:32 Blog-Server/middleware.CaptchaMiddleware å›¾å½¢éªŒè¯å¤±è´¥ Key: 'CaptchaMiddlewareRequest.captchaID---CaptchaID' Error:Field validation for 'captchaID---CaptchaID' failed on the 'required' tag
Key: 'CaptchaMiddlewareRequest.captchaCode---CaptchaCode' Error:Field validation for 'captchaCode---CaptchaCode' failed on the 'required' tag
[2025-02-28 23:24:49] [31m[error][0m captcha_middleware.go:32 Blog-Server/middleware.CaptchaMiddleware å›¾å½¢éªŒè¯å¤±è´¥ invalid character 's' looking for beginning of value
[2025-02-28 23:25:48] [36m[info][0m init_db.go:29 Blog-Server/core.InitDB æ•°æ®åº“è¿æ¥æˆåŠŸ!
[2025-02-28 23:25:48] [36m[info][0m init_redis.go:21 Blog-Server/core.InitRedis redisè¿æ¥æˆåŠŸ
[2025-02-28 23:26:01] [31m[error][0m captcha_middleware.go:32 Blog-Server/middleware.CaptchaMiddleware å›¾å½¢éªŒè¯å¤±è´¥ invalid character 's' looking for beginning of value
[2025-02-28 23:26:22] [31m[error][0m captcha_middleware.go:32 Blog-Server/middleware.CaptchaMiddleware å›¾å½¢éªŒè¯å¤±è´¥ invalid character 'X' after object key:value pair
[2025-02-28 23:27:24] [31m[error][0m captcha_middleware.go:32 Blog-Server/middleware.CaptchaMiddleware å›¾å½¢éªŒè¯å¤±è´¥ Key: 'CaptchaMiddlewareRequest.captchaID---CaptchaID' Error:Field validation for 'captchaID---CaptchaID' failed on the 'required' tag
[2025-02-28 23:27:43] [31m[error][0m captcha_middleware.go:32 Blog-Server/middleware.CaptchaMiddleware å›¾å½¢éªŒè¯å¤±è´¥ Key: 'CaptchaMiddlewareRequest.captchaID---CaptchaID' Error:Field validation for 'captchaID---CaptchaID' failed on the 'required' tag
