[2025-03-04 11:43:16] [36m[info][0m init_db.go:31 Blog-Server/core.InitDB æ•°æ®åº“è¿æ¥æˆåŠŸ!
[2025-03-04 11:43:16] [36m[info][0m init_redis.go:21 Blog-Server/core.InitRedis redisè¿æ¥æˆåŠŸ
[2025-03-04 11:43:16] [36m[info][0m init_es.go:24 Blog-Server/core.EsConnect esè¿æ¥æˆåŠŸ
[2025-03-04 11:45:30] [36m[info][0m init_db.go:31 Blog-Server/core.InitDB æ•°æ®åº“è¿æ¥æˆåŠŸ!
[2025-03-04 11:46:05] [36m[info][0m init_db.go:31 Blog-Server/core.InitDB æ•°æ®åº“è¿æ¥æˆåŠŸ!
[2025-03-04 11:46:05] [36m[info][0m init_redis.go:21 Blog-Server/core.InitRedis redisè¿æ¥æˆåŠŸ
[2025-03-04 11:46:05] [36m[info][0m init_es.go:24 Blog-Server/core.EsConnect esè¿æ¥æˆåŠŸ
[2025-03-04 11:46:06] [36m[info][0m index.go:41 Blog-Server/service/es_service.DeleteIndex article_index ç´¢å¼•åˆ é™¤æˆåŠŸ
[2025-03-04 11:46:06] [36m[info][0m index.go:25 Blog-Server/service/es_service.CreateIndex article_index ç´¢å¼•åˆ›å»ºæˆåŠŸ
[2025-03-04 11:46:26] [36m[info][0m init_db.go:31 Blog-Server/core.InitDB æ•°æ®åº“è¿æ¥æˆåŠŸ!
[2025-03-04 11:50:22] [36m[info][0m init_db.go:31 Blog-Server/core.InitDB æ•°æ®åº“è¿æ¥æˆåŠŸ!
[2025-03-04 14:54:07] [36m[info][0m init_db.go:31 Blog-Server/core.InitDB æ•°æ®åº“è¿æ¥æˆåŠŸ!
[2025-03-04 14:54:07] [36m[info][0m init_redis.go:21 Blog-Server/core.InitRedis redisè¿æ¥æˆåŠŸ
[2025-03-04 14:54:07] [36m[info][0m init_es.go:24 Blog-Server/core.EsConnect esè¿æ¥æˆåŠŸ
[2025-03-04 14:54:11] [31m[error][0m enter.go:27 Blog-Server/flags/flag_user.FlagUser.Create è¾“å…¥è§’è‰²é”™è¯¯
[2025-03-04 14:54:20] [36m[info][0m init_db.go:31 Blog-Server/core.InitDB æ•°æ®åº“è¿æ¥æˆåŠŸ!
[2025-03-04 14:54:20] [36m[info][0m init_redis.go:21 Blog-Server/core.InitRedis redisè¿æ¥æˆåŠŸ
[2025-03-04 14:54:20] [36m[info][0m init_es.go:24 Blog-Server/core.EsConnect esè¿æ¥æˆåŠŸ
[2025-03-04 14:54:37] [31m[error][0m enter.go:39 Blog-Server/flags/flag_user.FlagUser.Create æ­¤ç”¨æˆ·åå·²å­˜åœ¨
[2025-03-04 14:54:44] [36m[info][0m init_db.go:31 Blog-Server/core.InitDB æ•°æ®åº“è¿æ¥æˆåŠŸ!
[2025-03-04 14:54:44] [36m[info][0m init_redis.go:21 Blog-Server/core.InitRedis redisè¿æ¥æˆåŠŸ
[2025-03-04 14:54:44] [36m[info][0m init_es.go:24 Blog-Server/core.EsConnect esè¿æ¥æˆåŠŸ
[2025-03-04 14:54:58] [31m[error][0m enter.go:23 Blog-Server/flags/flag_user.FlagUser.Create è¾“å…¥é”™è¯¯ expected integer
[2025-03-04 14:55:06] [36m[info][0m init_db.go:31 Blog-Server/core.InitDB æ•°æ®åº“è¿æ¥æˆåŠŸ!
[2025-03-04 14:55:06] [36m[info][0m init_redis.go:21 Blog-Server/core.InitRedis redisè¿æ¥æˆåŠŸ
[2025-03-04 14:55:06] [36m[info][0m init_es.go:24 Blog-Server/core.EsConnect esè¿æ¥æˆåŠŸ
[2025-03-04 14:55:17] [36m[info][0m enter.go:72 Blog-Server/flags/flag_user.FlagUser.Create åˆ›å»ºç”¨æˆ·æˆåŠŸ
[2025-03-04 15:07:56] [36m[info][0m init_db.go:31 Blog-Server/core.InitDB æ•°æ®åº“è¿æ¥æˆåŠŸ!
[2025-03-04 15:07:56] [36m[info][0m init_redis.go:21 Blog-Server/core.InitRedis redisè¿æ¥æˆåŠŸ
[2025-03-04 15:07:56] [36m[info][0m init_es.go:24 Blog-Server/core.EsConnect esè¿æ¥æˆåŠŸ
[2025-03-04 15:14:37] [36m[info][0m init_db.go:31 Blog-Server/core.InitDB æ•°æ®åº“è¿æ¥æˆåŠŸ!
[2025-03-04 15:14:37] [36m[info][0m init_redis.go:21 Blog-Server/core.InitRedis redisè¿æ¥æˆåŠŸ
[2025-03-04 15:14:37] [36m[info][0m init_es.go:24 Blog-Server/core.EsConnect esè¿æ¥æˆåŠŸ
[2025-03-04 15:20:21] [36m[info][0m init_db.go:31 Blog-Server/core.InitDB æ•°æ®åº“è¿æ¥æˆåŠŸ!
[2025-03-04 15:20:21] [36m[info][0m init_redis.go:21 Blog-Server/core.InitRedis redisè¿æ¥æˆåŠŸ
[2025-03-04 15:20:21] [36m[info][0m init_es.go:24 Blog-Server/core.EsConnect esè¿æ¥æˆåŠŸ
