[2025-02-15 08:52:33] [31m[fatal][0m init_db.go:22 Blog-Server/core.InitDB æ•°æ®åº“è¿æ¥å¤±è´¥ dial tcp 127.0.0.1:3306: connectex: No connection could be made because the target machine actively refused it.
[2025-02-15 08:52:58] [36m[info][0m init_db.go:29 Blog-Server/core.InitDB æ•°æ®åº“è¿æ¥æˆåŠŸ!
[2025-02-15 08:52:58] [36m[info][0m flag_db.go:27 Blog-Server/flags.FlagDB æ•°æ®åº“è¿ç§»æˆåŠŸï¼
[2025-02-15 09:04:15] [36m[info][0m init_db.go:29 Blog-Server/core.InitDB æ•°æ®åº“è¿æ¥æˆåŠŸ!
[2025-02-15 09:04:15] [36m[info][0m flag_db.go:29 Blog-Server/flags.FlagDB æ•°æ®åº“è¿ç§»æˆåŠŸï¼
[2025-02-15 09:20:56] [36m[info][0m init_db.go:29 Blog-Server/core.InitDB æ•°æ®åº“è¿æ¥æˆåŠŸ!
[2025-02-15 09:20:56] [36m[info][0m flag_db.go:30 Blog-Server/flags.FlagDB æ•°æ®åº“è¿ç§»æˆåŠŸï¼
[2025-02-15 09:50:36] [36m[info][0m init_db.go:29 Blog-Server/core.InitDB æ•°æ®åº“è¿æ¥æˆåŠŸ!
[2025-02-15 09:50:36] [36m[info][0m flag_db.go:30 Blog-Server/flags.FlagDB æ•°æ®åº“è¿ç§»æˆåŠŸï¼
[2025-02-15 10:58:06] [36m[info][0m init_db.go:29 Blog-Server/core.InitDB æ•°æ®åº“è¿æ¥æˆåŠŸ!
[2025-02-15 11:08:21] [36m[info][0m init_db.go:29 Blog-Server/core.InitDB æ•°æ®åº“è¿æ¥æˆåŠŸ!
[2025-02-15 12:52:58] [36m[info][0m init_db.go:29 Blog-Server/core.InitDB æ•°æ®åº“è¿æ¥æˆåŠŸ!
[2025-02-15 14:44:15] [36m[info][0m init_db.go:29 Blog-Server/core.InitDB æ•°æ®åº“è¿æ¥æˆåŠŸ!
[2025-02-15 14:44:23] [31m[error][0m enter.go:39 Blog-Server/api/site_api.SiteApi.SiteUpdateView EOF
[2025-02-15 14:44:23] [31m[error][0m action_log.go:42 Blog-Server/service/log_service.(*ActionLog).Save æ—¥å¿—åˆ›å»ºå¤±è´¥ %!s(<nil>)
[2025-02-15 14:50:53] [36m[info][0m init_db.go:29 Blog-Server/core.InitDB æ•°æ®åº“è¿æ¥æˆåŠŸ!
[2025-02-15 14:50:59] [31m[error][0m action_log.go:42 Blog-Server/service/log_service.(*ActionLog).Save æ—¥å¿—åˆ›å»ºå¤±è´¥ %!s(<nil>)
[2025-02-15 14:58:14] [36m[info][0m init_db.go:29 Blog-Server/core.InitDB æ•°æ®åº“è¿æ¥æˆåŠŸ!
[2025-02-15 14:58:20] [31m[error][0m action_log.go:42 Blog-Server/service/log_service.(*ActionLog).Save æ—¥å¿—åˆ›å»ºå¤±è´¥ %!s(<nil>)
[2025-02-15 15:03:01] [36m[info][0m init_db.go:29 Blog-Server/core.InitDB æ•°æ®åº“è¿æ¥æˆåŠŸ!
[2025-02-15 15:17:22] [36m[info][0m init_db.go:29 Blog-Server/core.InitDB æ•°æ®åº“è¿æ¥æˆåŠŸ!
[2025-02-15 16:14:32] [36m[info][0m init_db.go:29 Blog-Server/core.InitDB æ•°æ®åº“è¿æ¥æˆåŠŸ!
[2025-02-15 16:17:17] [36m[info][0m init_db.go:29 Blog-Server/core.InitDB æ•°æ®åº“è¿æ¥æˆåŠŸ!
[2025-02-15 16:20:59] [36m[info][0m init_db.go:29 Blog-Server/core.InitDB æ•°æ®åº“è¿æ¥æˆåŠŸ!
[2025-02-15 16:37:05] [36m[info][0m init_db.go:29 Blog-Server/core.InitDB æ•°æ®åº“è¿æ¥æˆåŠŸ!
[2025-02-15 16:51:44] [36m[info][0m init_db.go:29 Blog-Server/core.InitDB æ•°æ®åº“è¿æ¥æˆåŠŸ!
[2025-02-15 17:57:00] [36m[info][0m init_db.go:29 Blog-Server/core.InitDB æ•°æ®åº“è¿æ¥æˆåŠŸ!
[2025-02-15 17:59:43] [31m[error][0m action_log.go:99 Blog-Server/service/log_service.(*ActionLog).Save æ—¥å¿—åˆ›å»ºå¤±è´¥ invalid connection
[2025-02-15 18:04:41] [36m[info][0m init_db.go:29 Blog-Server/core.InitDB æ•°æ®åº“è¿æ¥æˆåŠŸ!
[2025-02-15 18:06:12] [36m[info][0m init_db.go:29 Blog-Server/core.InitDB æ•°æ®åº“è¿æ¥æˆåŠŸ!
